{
  "RSpec": {
    "coverage": {
      "/Users/dtt22/demo2/up_chat/app/helpers/application_helper.rb": [
        1,
        1,
        0,
        null,
        null,
        1,
        null,
        0,
        0,
        null,
        0,
        null,
        null,
        1,
        0,
        0,
        0,
        0,
        0,
        null,
        null,
        null,
        null,
        1,
        0,
        0,
        null,
        null,
        null,
        1,
        0,
        null,
        null
      ],
      "/Users/dtt22/demo2/up_chat/app/helpers/followings_helper.rb": [
        1,
        null
      ],
      "/Users/dtt22/demo2/up_chat/app/helpers/friendships_helper.rb": [
        1,
        null
      ],
      "/Users/dtt22/demo2/up_chat/app/helpers/home_helper.rb": [
        1,
        null
      ],
      "/Users/dtt22/demo2/up_chat/app/helpers/messages_helper.rb": [
        1,
        1,
        0,
        0,
        null,
        0,
        null,
        null,
        null,
        1,
        0,
        0,
        0,
        0,
        0,
        null,
        null,
        null
      ],
      "/Users/dtt22/demo2/up_chat/app/helpers/sessions_helper.rb": [
        1,
        null
      ],
      "/Users/dtt22/demo2/up_chat/app/helpers/users_helper.rb": [
        1,
        1,
        0,
        null,
        null
      ],
      "/Users/dtt22/demo2/up_chat/app/controllers/users_controller.rb": [
        1,
        1,
        null,
        1,
        1,
        null,
        null,
        1,
        0,
        0,
        null,
        null,
        1,
        0,
        null,
        null,
        1,
        0,
        0,
        0,
        null,
        null,
        0,
        null,
        0,
        null,
        null,
        null,
        1,
        null,
        1,
        0,
        null,
        null
      ],
      "/Users/dtt22/demo2/up_chat/app/controllers/application_controller.rb": [
        1,
        1,
        1,
        null,
        1,
        null,
        1,
        3,
        2,
        1,
        null,
        null,
        null,
        1,
        2,
        1,
        null,
        null,
        null,
        1,
        0,
        0,
        null,
        null,
        null
      ],
      "/Users/dtt22/demo2/up_chat/app/models/user.rb": [
        1,
        1,
        1,
        null,
        1,
        1,
        1,
        1,
        null,
        1,
        0,
        null,
        null,
        1,
        0,
        null,
        null,
        1,
        0,
        null,
        null,
        1,
        1,
        null,
        null,
        1,
        0,
        null,
        null,
        1,
        0,
        0,
        null,
        0,
        0,
        null,
        null,
        null,
        null,
        null,
        null,
        1,
        0,
        null,
        null,
        1,
        0,
        null,
        null
      ],
      "/Users/dtt22/demo2/up_chat/app/models/application_record.rb": [
        1,
        1,
        null
      ],
      "/Users/dtt22/demo2/up_chat/app/channels/application_cable/channel.rb": [
        0,
        0,
        0,
        0
      ],
      "/Users/dtt22/demo2/up_chat/app/channels/application_cable/connection.rb": [
        0,
        0,
        0,
        0
      ],
      "/Users/dtt22/demo2/up_chat/app/controllers/followings_controller.rb": [
        0,
        0,
        0,
        0,
        0,
        0,
        0
      ],
      "/Users/dtt22/demo2/up_chat/app/controllers/friendships_controller.rb": [
        0,
        0,
        0,
        0,
        0,
        0,
        0,
        0,
        0,
        0,
        0,
        0,
        0,
        0,
        0,
        0,
        0,
        0,
        0,
        0,
        0,
        0,
        0,
        0
      ],
      "/Users/dtt22/demo2/up_chat/app/controllers/home_controller.rb": [
        0,
        0,
        0,
        0,
        0,
        0,
        0,
        0,
        0
      ],
      "/Users/dtt22/demo2/up_chat/app/controllers/messages_controller.rb": [
        0,
        0,
        0,
        0,
        0,
        0,
        0,
        0,
        0,
        0,
        0,
        0,
        0,
        0,
        0,
        0,
        0,
        0,
        0,
        0,
        0,
        0,
        0,
        0,
        0,
        0,
        0,
        0,
        0,
        0,
        0,
        0,
        0,
        0,
        0,
        0,
        0,
        0,
        0,
        0
      ],
      "/Users/dtt22/demo2/up_chat/app/controllers/sessions_controller.rb": [
        0,
        0,
        0,
        0,
        0,
        0,
        0,
        0,
        0,
        0,
        0,
        0,
        0,
        0,
        0,
        0,
        0,
        0,
        0,
        0,
        0,
        0,
        0,
        0,
        0,
        0,
        0
      ],
      "/Users/dtt22/demo2/up_chat/app/jobs/application_job.rb": [
        0,
        0
      ],
      "/Users/dtt22/demo2/up_chat/app/mailers/application_mailer.rb": [
        0,
        0,
        0,
        0
      ],
      "/Users/dtt22/demo2/up_chat/app/models/friendship.rb": [
        0,
        0,
        0,
        0,
        0,
        0
      ],
      "/Users/dtt22/demo2/up_chat/app/models/message.rb": [
        0,
        0,
        0,
        0,
        0,
        0,
        0,
        0,
        0,
        0,
        0,
        0,
        0,
        0,
        0,
        0,
        0,
        0,
        0,
        0,
        0,
        0
      ]
    },
    "timestamp": 1477273063
  }
}
